2016-12-17 22:38:03 [qtp215145189-32] org.apache.velocity.runtime.log.CommonsLogLogChute.log(122) [ERROR] : Parser Exception: /admin/article/articleList.vm
org.apache.velocity.runtime.parser.ParseException: Encountered "#else" at line 75, column 111.
Was expecting one of:
    "(" ...
    <RPAREN> ...
    <ESCAPE_DIRECTIVE> ...
    <SET_DIRECTIVE> ...
    "##" ...
    "\\\\" ...
    "\\" ...
    <TEXT> ...
    "*#" ...
    "*#" ...
    "]]#" ...
    <STRING_LITERAL> ...
    <END> ...
    <IF_DIRECTIVE> ...
    <INTEGER_LITERAL> ...
    <FLOATING_POINT_LITERAL> ...
    <WORD> ...
    <BRACKETED_WORD> ...
    <IDENTIFIER> ...
    <DOT> ...
    "{" ...
    "}" ...
    <EMPTY_INDEX> ...
    
	at org.apache.velocity.runtime.parser.Parser.generateParseException(Parser.java:3679)
	at org.apache.velocity.runtime.parser.Parser.jj_consume_token(Parser.java:3558)
	at org.apache.velocity.runtime.parser.Parser.Directive(Parser.java:939)
	at org.apache.velocity.runtime.parser.Parser.Statement(Parser.java:379)
	at org.apache.velocity.runtime.parser.Parser.process(Parser.java:317)
	at org.apache.velocity.runtime.parser.Parser.parse(Parser.java:117)
	at org.apache.velocity.runtime.RuntimeInstance.parse(RuntimeInstance.java:1226)
	at org.apache.velocity.runtime.RuntimeInstance.parse(RuntimeInstance.java:1181)
	at org.apache.velocity.Template.process(Template.java:134)
	at org.apache.velocity.runtime.resource.ResourceManagerImpl.loadResource(ResourceManagerImpl.java:437)
	at org.apache.velocity.runtime.resource.ResourceManagerImpl.getResource(ResourceManagerImpl.java:352)
	at org.apache.velocity.runtime.RuntimeInstance.getTemplate(RuntimeInstance.java:1533)
	at org.apache.velocity.runtime.RuntimeInstance.getTemplate(RuntimeInstance.java:1514)
	at org.apache.velocity.app.VelocityEngine.getTemplate(VelocityEngine.java:373)
	at org.springframework.web.servlet.view.velocity.VelocityView.getTemplate(VelocityView.java:501)
	at org.springframework.web.servlet.view.velocity.VelocityView.checkResource(VelocityView.java:261)
	at org.springframework.web.servlet.view.UrlBasedViewResolver.loadView(UrlBasedViewResolver.java:483)
	at org.springframework.web.servlet.view.AbstractCachingViewResolver.createView(AbstractCachingViewResolver.java:244)
	at org.springframework.web.servlet.view.UrlBasedViewResolver.createView(UrlBasedViewResolver.java:446)
	at org.springframework.web.servlet.view.AbstractCachingViewResolver.resolveViewName(AbstractCachingViewResolver.java:156)
	at org.springframework.web.servlet.DispatcherServlet.resolveViewName(DispatcherServlet.java:1282)
	at org.springframework.web.servlet.DispatcherServlet.render(DispatcherServlet.java:1223)
	at org.springframework.web.servlet.DispatcherServlet.processDispatchResult(DispatcherServlet.java:1027)
	at org.springframework.web.servlet.DispatcherServlet.doDispatch(DispatcherServlet.java:971)
	at org.springframework.web.servlet.DispatcherServlet.doService(DispatcherServlet.java:893)
	at org.springframework.web.servlet.FrameworkServlet.processRequest(FrameworkServlet.java:968)
	at org.springframework.web.servlet.FrameworkServlet.doGet(FrameworkServlet.java:859)
	at javax.servlet.http.HttpServlet.service(HttpServlet.java:735)
	at org.springframework.web.servlet.FrameworkServlet.service(FrameworkServlet.java:844)
	at javax.servlet.http.HttpServlet.service(HttpServlet.java:848)
	at org.eclipse.jetty.servlet.ServletHolder.handle(ServletHolder.java:684)
	at org.eclipse.jetty.servlet.ServletHandler$CachedChain.doFilter(ServletHandler.java:1496)
	at org.springframework.web.filter.CharacterEncodingFilter.doFilterInternal(CharacterEncodingFilter.java:121)
	at org.springframework.web.filter.OncePerRequestFilter.doFilter(OncePerRequestFilter.java:107)
	at org.eclipse.jetty.servlet.ServletHandler$CachedChain.doFilter(ServletHandler.java:1476)
	at org.eclipse.jetty.servlet.ServletHandler.doHandle(ServletHandler.java:499)
	at org.eclipse.jetty.server.handler.ScopedHandler.handle(ScopedHandler.java:137)
	at org.eclipse.jetty.security.SecurityHandler.handle(SecurityHandler.java:557)
	at org.eclipse.jetty.server.session.SessionHandler.doHandle(SessionHandler.java:231)
	at org.eclipse.jetty.server.handler.ContextHandler.doHandle(ContextHandler.java:1086)
	at org.eclipse.jetty.servlet.ServletHandler.doScope(ServletHandler.java:428)
	at org.eclipse.jetty.server.session.SessionHandler.doScope(SessionHandler.java:193)
	at org.eclipse.jetty.server.handler.ContextHandler.doScope(ContextHandler.java:1020)
	at org.eclipse.jetty.server.handler.ScopedHandler.handle(ScopedHandler.java:135)
	at org.eclipse.jetty.server.handler.HandlerWrapper.handle(HandlerWrapper.java:116)
	at org.eclipse.jetty.server.Server.handle(Server.java:370)
	at org.eclipse.jetty.server.AbstractHttpConnection.handleRequest(AbstractHttpConnection.java:494)
	at org.eclipse.jetty.server.AbstractHttpConnection.headerComplete(AbstractHttpConnection.java:971)
	at org.eclipse.jetty.server.AbstractHttpConnection$RequestHandler.headerComplete(AbstractHttpConnection.java:1033)
	at org.eclipse.jetty.http.HttpParser.parseNext(HttpParser.java:644)
	at org.eclipse.jetty.http.HttpParser.parseAvailable(HttpParser.java:235)
	at org.eclipse.jetty.server.AsyncHttpConnection.handle(AsyncHttpConnection.java:82)
	at org.eclipse.jetty.io.nio.SelectChannelEndPoint.handle(SelectChannelEndPoint.java:667)
	at org.eclipse.jetty.io.nio.SelectChannelEndPoint$1.run(SelectChannelEndPoint.java:52)
	at org.eclipse.jetty.util.thread.QueuedThreadPool.runJob(QueuedThreadPool.java:608)
	at org.eclipse.jetty.util.thread.QueuedThreadPool$3.run(QueuedThreadPool.java:543)
	at java.lang.Thread.run(Thread.java:745)
2016-12-17 22:38:03 [qtp215145189-32] org.apache.velocity.runtime.log.CommonsLogLogChute.log(122) [ERROR] : ResourceManager.getResource() parse exception
org.apache.velocity.exception.ParseErrorException: Encountered "#else" at /admin/article/articleList.vm[line 75, column 111]
Was expecting one of:
    "(" ...
    <RPAREN> ...
    <ESCAPE_DIRECTIVE> ...
    <SET_DIRECTIVE> ...
    "##" ...
    "\\\\" ...
    "\\" ...
    <TEXT> ...
    "*#" ...
    "*#" ...
    "]]#" ...
    <STRING_LITERAL> ...
    <END> ...
    <IF_DIRECTIVE> ...
    <INTEGER_LITERAL> ...
    <FLOATING_POINT_LITERAL> ...
    <WORD> ...
    <BRACKETED_WORD> ...
    <IDENTIFIER> ...
    <DOT> ...
    "{" ...
    "}" ...
    <EMPTY_INDEX> ...
    
	at org.apache.velocity.Template.process(Template.java:151)
	at org.apache.velocity.runtime.resource.ResourceManagerImpl.loadResource(ResourceManagerImpl.java:437)
	at org.apache.velocity.runtime.resource.ResourceManagerImpl.getResource(ResourceManagerImpl.java:352)
	at org.apache.velocity.runtime.RuntimeInstance.getTemplate(RuntimeInstance.java:1533)
	at org.apache.velocity.runtime.RuntimeInstance.getTemplate(RuntimeInstance.java:1514)
	at org.apache.velocity.app.VelocityEngine.getTemplate(VelocityEngine.java:373)
	at org.springframework.web.servlet.view.velocity.VelocityView.getTemplate(VelocityView.java:501)
	at org.springframework.web.servlet.view.velocity.VelocityView.checkResource(VelocityView.java:261)
	at org.springframework.web.servlet.view.UrlBasedViewResolver.loadView(UrlBasedViewResolver.java:483)
	at org.springframework.web.servlet.view.AbstractCachingViewResolver.createView(AbstractCachingViewResolver.java:244)
	at org.springframework.web.servlet.view.UrlBasedViewResolver.createView(UrlBasedViewResolver.java:446)
	at org.springframework.web.servlet.view.AbstractCachingViewResolver.resolveViewName(AbstractCachingViewResolver.java:156)
	at org.springframework.web.servlet.DispatcherServlet.resolveViewName(DispatcherServlet.java:1282)
	at org.springframework.web.servlet.DispatcherServlet.render(DispatcherServlet.java:1223)
	at org.springframework.web.servlet.DispatcherServlet.processDispatchResult(DispatcherServlet.java:1027)
	at org.springframework.web.servlet.DispatcherServlet.doDispatch(DispatcherServlet.java:971)
	at org.springframework.web.servlet.DispatcherServlet.doService(DispatcherServlet.java:893)
	at org.springframework.web.servlet.FrameworkServlet.processRequest(FrameworkServlet.java:968)
	at org.springframework.web.servlet.FrameworkServlet.doGet(FrameworkServlet.java:859)
	at javax.servlet.http.HttpServlet.service(HttpServlet.java:735)
	at org.springframework.web.servlet.FrameworkServlet.service(FrameworkServlet.java:844)
	at javax.servlet.http.HttpServlet.service(HttpServlet.java:848)
	at org.eclipse.jetty.servlet.ServletHolder.handle(ServletHolder.java:684)
	at org.eclipse.jetty.servlet.ServletHandler$CachedChain.doFilter(ServletHandler.java:1496)
	at org.springframework.web.filter.CharacterEncodingFilter.doFilterInternal(CharacterEncodingFilter.java:121)
	at org.springframework.web.filter.OncePerRequestFilter.doFilter(OncePerRequestFilter.java:107)
	at org.eclipse.jetty.servlet.ServletHandler$CachedChain.doFilter(ServletHandler.java:1476)
	at org.eclipse.jetty.servlet.ServletHandler.doHandle(ServletHandler.java:499)
	at org.eclipse.jetty.server.handler.ScopedHandler.handle(ScopedHandler.java:137)
	at org.eclipse.jetty.security.SecurityHandler.handle(SecurityHandler.java:557)
	at org.eclipse.jetty.server.session.SessionHandler.doHandle(SessionHandler.java:231)
	at org.eclipse.jetty.server.handler.ContextHandler.doHandle(ContextHandler.java:1086)
	at org.eclipse.jetty.servlet.ServletHandler.doScope(ServletHandler.java:428)
	at org.eclipse.jetty.server.session.SessionHandler.doScope(SessionHandler.java:193)
	at org.eclipse.jetty.server.handler.ContextHandler.doScope(ContextHandler.java:1020)
	at org.eclipse.jetty.server.handler.ScopedHandler.handle(ScopedHandler.java:135)
	at org.eclipse.jetty.server.handler.HandlerWrapper.handle(HandlerWrapper.java:116)
	at org.eclipse.jetty.server.Server.handle(Server.java:370)
	at org.eclipse.jetty.server.AbstractHttpConnection.handleRequest(AbstractHttpConnection.java:494)
	at org.eclipse.jetty.server.AbstractHttpConnection.headerComplete(AbstractHttpConnection.java:971)
	at org.eclipse.jetty.server.AbstractHttpConnection$RequestHandler.headerComplete(AbstractHttpConnection.java:1033)
	at org.eclipse.jetty.http.HttpParser.parseNext(HttpParser.java:644)
	at org.eclipse.jetty.http.HttpParser.parseAvailable(HttpParser.java:235)
	at org.eclipse.jetty.server.AsyncHttpConnection.handle(AsyncHttpConnection.java:82)
	at org.eclipse.jetty.io.nio.SelectChannelEndPoint.handle(SelectChannelEndPoint.java:667)
	at org.eclipse.jetty.io.nio.SelectChannelEndPoint$1.run(SelectChannelEndPoint.java:52)
	at org.eclipse.jetty.util.thread.QueuedThreadPool.runJob(QueuedThreadPool.java:608)
	at org.eclipse.jetty.util.thread.QueuedThreadPool$3.run(QueuedThreadPool.java:543)
	at java.lang.Thread.run(Thread.java:745)
2016-12-17 22:38:12 [qtp215145189-33] org.apache.velocity.runtime.log.CommonsLogLogChute.log(122) [ERROR] : Parser Exception: /admin/article/articleList.vm
org.apache.velocity.runtime.parser.ParseException: Encountered "#else" at line 75, column 111.
Was expecting one of:
    "(" ...
    <RPAREN> ...
    <ESCAPE_DIRECTIVE> ...
    <SET_DIRECTIVE> ...
    "##" ...
    "\\\\" ...
    "\\" ...
    <TEXT> ...
    "*#" ...
    "*#" ...
    "]]#" ...
    <STRING_LITERAL> ...
    <END> ...
    <IF_DIRECTIVE> ...
    <INTEGER_LITERAL> ...
    <FLOATING_POINT_LITERAL> ...
    <WORD> ...
    <BRACKETED_WORD> ...
    <IDENTIFIER> ...
    <DOT> ...
    "{" ...
    "}" ...
    <EMPTY_INDEX> ...
    
	at org.apache.velocity.runtime.parser.Parser.generateParseException(Parser.java:3679)
	at org.apache.velocity.runtime.parser.Parser.jj_consume_token(Parser.java:3558)
	at org.apache.velocity.runtime.parser.Parser.Directive(Parser.java:939)
	at org.apache.velocity.runtime.parser.Parser.Statement(Parser.java:379)
	at org.apache.velocity.runtime.parser.Parser.process(Parser.java:317)
	at org.apache.velocity.runtime.parser.Parser.parse(Parser.java:117)
	at org.apache.velocity.runtime.RuntimeInstance.parse(RuntimeInstance.java:1226)
	at org.apache.velocity.runtime.RuntimeInstance.parse(RuntimeInstance.java:1181)
	at org.apache.velocity.Template.process(Template.java:134)
	at org.apache.velocity.runtime.resource.ResourceManagerImpl.loadResource(ResourceManagerImpl.java:437)
	at org.apache.velocity.runtime.resource.ResourceManagerImpl.getResource(ResourceManagerImpl.java:352)
	at org.apache.velocity.runtime.RuntimeInstance.getTemplate(RuntimeInstance.java:1533)
	at org.apache.velocity.runtime.RuntimeInstance.getTemplate(RuntimeInstance.java:1514)
	at org.apache.velocity.app.VelocityEngine.getTemplate(VelocityEngine.java:373)
	at org.springframework.web.servlet.view.velocity.VelocityView.getTemplate(VelocityView.java:501)
	at org.springframework.web.servlet.view.velocity.VelocityView.checkResource(VelocityView.java:261)
	at org.springframework.web.servlet.view.UrlBasedViewResolver.loadView(UrlBasedViewResolver.java:483)
	at org.springframework.web.servlet.view.AbstractCachingViewResolver.createView(AbstractCachingViewResolver.java:244)
	at org.springframework.web.servlet.view.UrlBasedViewResolver.createView(UrlBasedViewResolver.java:446)
	at org.springframework.web.servlet.view.AbstractCachingViewResolver.resolveViewName(AbstractCachingViewResolver.java:156)
	at org.springframework.web.servlet.DispatcherServlet.resolveViewName(DispatcherServlet.java:1282)
	at org.springframework.web.servlet.DispatcherServlet.render(DispatcherServlet.java:1223)
	at org.springframework.web.servlet.DispatcherServlet.processDispatchResult(DispatcherServlet.java:1027)
	at org.springframework.web.servlet.DispatcherServlet.doDispatch(DispatcherServlet.java:971)
	at org.springframework.web.servlet.DispatcherServlet.doService(DispatcherServlet.java:893)
	at org.springframework.web.servlet.FrameworkServlet.processRequest(FrameworkServlet.java:968)
	at org.springframework.web.servlet.FrameworkServlet.doGet(FrameworkServlet.java:859)
	at javax.servlet.http.HttpServlet.service(HttpServlet.java:735)
	at org.springframework.web.servlet.FrameworkServlet.service(FrameworkServlet.java:844)
	at javax.servlet.http.HttpServlet.service(HttpServlet.java:848)
	at org.eclipse.jetty.servlet.ServletHolder.handle(ServletHolder.java:684)
	at org.eclipse.jetty.servlet.ServletHandler$CachedChain.doFilter(ServletHandler.java:1496)
	at org.springframework.web.filter.CharacterEncodingFilter.doFilterInternal(CharacterEncodingFilter.java:121)
	at org.springframework.web.filter.OncePerRequestFilter.doFilter(OncePerRequestFilter.java:107)
	at org.eclipse.jetty.servlet.ServletHandler$CachedChain.doFilter(ServletHandler.java:1476)
	at org.eclipse.jetty.servlet.ServletHandler.doHandle(ServletHandler.java:499)
	at org.eclipse.jetty.server.handler.ScopedHandler.handle(ScopedHandler.java:137)
	at org.eclipse.jetty.security.SecurityHandler.handle(SecurityHandler.java:557)
	at org.eclipse.jetty.server.session.SessionHandler.doHandle(SessionHandler.java:231)
	at org.eclipse.jetty.server.handler.ContextHandler.doHandle(ContextHandler.java:1086)
	at org.eclipse.jetty.servlet.ServletHandler.doScope(ServletHandler.java:428)
	at org.eclipse.jetty.server.session.SessionHandler.doScope(SessionHandler.java:193)
	at org.eclipse.jetty.server.handler.ContextHandler.doScope(ContextHandler.java:1020)
	at org.eclipse.jetty.server.handler.ScopedHandler.handle(ScopedHandler.java:135)
	at org.eclipse.jetty.server.handler.HandlerWrapper.handle(HandlerWrapper.java:116)
	at org.eclipse.jetty.server.Server.handle(Server.java:370)
	at org.eclipse.jetty.server.AbstractHttpConnection.handleRequest(AbstractHttpConnection.java:494)
	at org.eclipse.jetty.server.AbstractHttpConnection.headerComplete(AbstractHttpConnection.java:971)
	at org.eclipse.jetty.server.AbstractHttpConnection$RequestHandler.headerComplete(AbstractHttpConnection.java:1033)
	at org.eclipse.jetty.http.HttpParser.parseNext(HttpParser.java:644)
	at org.eclipse.jetty.http.HttpParser.parseAvailable(HttpParser.java:235)
	at org.eclipse.jetty.server.AsyncHttpConnection.handle(AsyncHttpConnection.java:82)
	at org.eclipse.jetty.io.nio.SelectChannelEndPoint.handle(SelectChannelEndPoint.java:667)
	at org.eclipse.jetty.io.nio.SelectChannelEndPoint$1.run(SelectChannelEndPoint.java:52)
	at org.eclipse.jetty.util.thread.QueuedThreadPool.runJob(QueuedThreadPool.java:608)
	at org.eclipse.jetty.util.thread.QueuedThreadPool$3.run(QueuedThreadPool.java:543)
	at java.lang.Thread.run(Thread.java:745)
2016-12-17 22:38:12 [qtp215145189-33] org.apache.velocity.runtime.log.CommonsLogLogChute.log(122) [ERROR] : ResourceManager.getResource() parse exception
org.apache.velocity.exception.ParseErrorException: Encountered "#else" at /admin/article/articleList.vm[line 75, column 111]
Was expecting one of:
    "(" ...
    <RPAREN> ...
    <ESCAPE_DIRECTIVE> ...
    <SET_DIRECTIVE> ...
    "##" ...
    "\\\\" ...
    "\\" ...
    <TEXT> ...
    "*#" ...
    "*#" ...
    "]]#" ...
    <STRING_LITERAL> ...
    <END> ...
    <IF_DIRECTIVE> ...
    <INTEGER_LITERAL> ...
    <FLOATING_POINT_LITERAL> ...
    <WORD> ...
    <BRACKETED_WORD> ...
    <IDENTIFIER> ...
    <DOT> ...
    "{" ...
    "}" ...
    <EMPTY_INDEX> ...
    
	at org.apache.velocity.Template.process(Template.java:151)
	at org.apache.velocity.runtime.resource.ResourceManagerImpl.loadResource(ResourceManagerImpl.java:437)
	at org.apache.velocity.runtime.resource.ResourceManagerImpl.getResource(ResourceManagerImpl.java:352)
	at org.apache.velocity.runtime.RuntimeInstance.getTemplate(RuntimeInstance.java:1533)
	at org.apache.velocity.runtime.RuntimeInstance.getTemplate(RuntimeInstance.java:1514)
	at org.apache.velocity.app.VelocityEngine.getTemplate(VelocityEngine.java:373)
	at org.springframework.web.servlet.view.velocity.VelocityView.getTemplate(VelocityView.java:501)
	at org.springframework.web.servlet.view.velocity.VelocityView.checkResource(VelocityView.java:261)
	at org.springframework.web.servlet.view.UrlBasedViewResolver.loadView(UrlBasedViewResolver.java:483)
	at org.springframework.web.servlet.view.AbstractCachingViewResolver.createView(AbstractCachingViewResolver.java:244)
	at org.springframework.web.servlet.view.UrlBasedViewResolver.createView(UrlBasedViewResolver.java:446)
	at org.springframework.web.servlet.view.AbstractCachingViewResolver.resolveViewName(AbstractCachingViewResolver.java:156)
	at org.springframework.web.servlet.DispatcherServlet.resolveViewName(DispatcherServlet.java:1282)
	at org.springframework.web.servlet.DispatcherServlet.render(DispatcherServlet.java:1223)
	at org.springframework.web.servlet.DispatcherServlet.processDispatchResult(DispatcherServlet.java:1027)
	at org.springframework.web.servlet.DispatcherServlet.doDispatch(DispatcherServlet.java:971)
	at org.springframework.web.servlet.DispatcherServlet.doService(DispatcherServlet.java:893)
	at org.springframework.web.servlet.FrameworkServlet.processRequest(FrameworkServlet.java:968)
	at org.springframework.web.servlet.FrameworkServlet.doGet(FrameworkServlet.java:859)
	at javax.servlet.http.HttpServlet.service(HttpServlet.java:735)
	at org.springframework.web.servlet.FrameworkServlet.service(FrameworkServlet.java:844)
	at javax.servlet.http.HttpServlet.service(HttpServlet.java:848)
	at org.eclipse.jetty.servlet.ServletHolder.handle(ServletHolder.java:684)
	at org.eclipse.jetty.servlet.ServletHandler$CachedChain.doFilter(ServletHandler.java:1496)
	at org.springframework.web.filter.CharacterEncodingFilter.doFilterInternal(CharacterEncodingFilter.java:121)
	at org.springframework.web.filter.OncePerRequestFilter.doFilter(OncePerRequestFilter.java:107)
	at org.eclipse.jetty.servlet.ServletHandler$CachedChain.doFilter(ServletHandler.java:1476)
	at org.eclipse.jetty.servlet.ServletHandler.doHandle(ServletHandler.java:499)
	at org.eclipse.jetty.server.handler.ScopedHandler.handle(ScopedHandler.java:137)
	at org.eclipse.jetty.security.SecurityHandler.handle(SecurityHandler.java:557)
	at org.eclipse.jetty.server.session.SessionHandler.doHandle(SessionHandler.java:231)
	at org.eclipse.jetty.server.handler.ContextHandler.doHandle(ContextHandler.java:1086)
	at org.eclipse.jetty.servlet.ServletHandler.doScope(ServletHandler.java:428)
	at org.eclipse.jetty.server.session.SessionHandler.doScope(SessionHandler.java:193)
	at org.eclipse.jetty.server.handler.ContextHandler.doScope(ContextHandler.java:1020)
	at org.eclipse.jetty.server.handler.ScopedHandler.handle(ScopedHandler.java:135)
	at org.eclipse.jetty.server.handler.HandlerWrapper.handle(HandlerWrapper.java:116)
	at org.eclipse.jetty.server.Server.handle(Server.java:370)
	at org.eclipse.jetty.server.AbstractHttpConnection.handleRequest(AbstractHttpConnection.java:494)
	at org.eclipse.jetty.server.AbstractHttpConnection.headerComplete(AbstractHttpConnection.java:971)
	at org.eclipse.jetty.server.AbstractHttpConnection$RequestHandler.headerComplete(AbstractHttpConnection.java:1033)
	at org.eclipse.jetty.http.HttpParser.parseNext(HttpParser.java:644)
	at org.eclipse.jetty.http.HttpParser.parseAvailable(HttpParser.java:235)
	at org.eclipse.jetty.server.AsyncHttpConnection.handle(AsyncHttpConnection.java:82)
	at org.eclipse.jetty.io.nio.SelectChannelEndPoint.handle(SelectChannelEndPoint.java:667)
	at org.eclipse.jetty.io.nio.SelectChannelEndPoint$1.run(SelectChannelEndPoint.java:52)
	at org.eclipse.jetty.util.thread.QueuedThreadPool.runJob(QueuedThreadPool.java:608)
	at org.eclipse.jetty.util.thread.QueuedThreadPool$3.run(QueuedThreadPool.java:543)
	at java.lang.Thread.run(Thread.java:745)
2016-12-17 22:38:20 [main] com.lcpa.lclove.web.listener.StartupListener.contextInitialized(35) [WARN] : Config Using REMOTE-TEST:classpath:config.remote.xml,classpath:spring.xml
2016-12-17 22:38:20 [main] org.springframework.web.context.ContextLoader.initWebApplicationContext(305) [INFO] : Root WebApplicationContext: initialization started
2016-12-17 22:38:20 [main] org.springframework.context.support.AbstractApplicationContext.prepareRefresh(578) [INFO] : Refreshing Root WebApplicationContext: startup date [Sat Dec 17 22:38:20 CST 2016]; root of context hierarchy
2016-12-17 22:38:20 [main] org.springframework.beans.factory.xml.XmlBeanDefinitionReader.loadBeanDefinitions(317) [INFO] : Loading XML bean definitions from class path resource [config.remote.xml]
2016-12-17 22:38:20 [main] org.springframework.beans.factory.xml.XmlBeanDefinitionReader.loadBeanDefinitions(317) [INFO] : Loading XML bean definitions from class path resource [spring.xml]
2016-12-17 22:38:20 [main] org.springframework.core.io.support.PropertiesLoaderSupport.loadProperties(172) [INFO] : Loading properties file from class path resource [jdbc.properties]
2016-12-17 22:38:20 [main] org.springframework.beans.factory.annotation.AutowiredAnnotationBeanPostProcessor.<init>(153) [INFO] : JSR-330 'javax.inject.Inject' annotation found and supported for autowiring
2016-12-17 22:38:21 [main] org.springframework.web.context.ContextLoader.initWebApplicationContext(345) [INFO] : Root WebApplicationContext: initialization completed in 1125 ms
2016-12-17 22:38:21 [main] com.lcpa.lclove.web.listener.StartupListener.contextInitialized(46) [WARN] : INIT GLOCAL PAGE-TOOLS: {picPath=/, basePath=/, mobilePath=/wap/, DateUtil=com.lcpa.lclove.util.DateUtil@12ffd1de, VmUtils=com.lcpa.lclove.util.VmUtils@3d278b4d, staticPath=/, math=org.apache.velocity.tools.generic.MathTool@4096aa05}
2016-12-17 22:38:21 [main] org.springframework.web.servlet.FrameworkServlet.initServletBean(488) [INFO] : FrameworkServlet 'springMVC': initialization started
2016-12-17 22:38:21 [main] org.springframework.context.support.AbstractApplicationContext.prepareRefresh(578) [INFO] : Refreshing WebApplicationContext for namespace 'springMVC-servlet': startup date [Sat Dec 17 22:38:21 CST 2016]; parent: Root WebApplicationContext
2016-12-17 22:38:21 [main] org.springframework.beans.factory.xml.XmlBeanDefinitionReader.loadBeanDefinitions(317) [INFO] : Loading XML bean definitions from class path resource [spring-mvc.xml]
2016-12-17 22:38:21 [main] org.springframework.beans.factory.annotation.AutowiredAnnotationBeanPostProcessor.<init>(153) [INFO] : JSR-330 'javax.inject.Inject' annotation found and supported for autowiring
2016-12-17 22:38:21 [main] org.springframework.web.servlet.handler.AbstractHandlerMethodMapping$MappingRegistry.register(534) [INFO] : Mapped "{[/article],methods=[GET]}" onto public org.springframework.web.servlet.ModelAndView com.lcpa.lclove.web.controller.admin.article.ArticleController.article()
2016-12-17 22:38:21 [main] org.springframework.web.servlet.handler.AbstractHandlerMethodMapping$MappingRegistry.register(534) [INFO] : Mapped "{[/test],produces=[text/html;charset=UTF-8]}" onto private java.lang.String com.lcpa.lclove.web.controller.admin.article.ArticleController.getOtherList()
2016-12-17 22:38:21 [main] org.springframework.web.servlet.handler.AbstractHandlerMethodMapping$MappingRegistry.register(534) [INFO] : Mapped "{[/admin/article/saveType.xhtml]}" onto public java.lang.String com.lcpa.lclove.web.controller.admin.article.ArticleController.saveType(com.lcpa.lclove.model.ArticleType,org.springframework.ui.ModelMap)
2016-12-17 22:38:21 [main] org.springframework.web.servlet.handler.AbstractHandlerMethodMapping$MappingRegistry.register(534) [INFO] : Mapped "{[/admin/article/delType.xhtml]}" onto public java.lang.String com.lcpa.lclove.web.controller.admin.article.ArticleController.delTyle(java.lang.Integer,org.springframework.ui.ModelMap)
2016-12-17 22:38:21 [main] org.springframework.web.servlet.handler.AbstractHandlerMethodMapping$MappingRegistry.register(534) [INFO] : Mapped "{[/admin/article/articleList.xhtml]}" onto public java.lang.String com.lcpa.lclove.web.controller.admin.article.ArticleController.getArticleList(java.lang.Integer,java.lang.String,java.lang.String,java.lang.String,java.lang.Integer,org.springframework.ui.ModelMap)
2016-12-17 22:38:21 [main] org.springframework.web.servlet.handler.AbstractHandlerMethodMapping$MappingRegistry.register(534) [INFO] : Mapped "{[/addArticle],methods=[POST]}" onto public java.lang.String com.lcpa.lclove.web.controller.admin.article.ArticleController.addArticle(com.lcpa.lclove.model.Article,org.springframework.ui.ModelMap)
2016-12-17 22:38:21 [main] org.springframework.web.servlet.handler.AbstractHandlerMethodMapping$MappingRegistry.register(534) [INFO] : Mapped "{[/admin/article/typeList.xhtml]}" onto public java.lang.String com.lcpa.lclove.web.controller.admin.article.ArticleController.typeList(org.springframework.ui.ModelMap)
2016-12-17 22:38:21 [main] org.springframework.web.servlet.handler.AbstractHandlerMethodMapping$MappingRegistry.register(534) [INFO] : Mapped "{[/test],methods=[POST]}" onto public java.lang.String com.lcpa.lclove.web.controller.admin.image.ImageController.test(com.lcpa.lclove.model.Image,org.springframework.ui.ModelMap)
2016-12-17 22:38:21 [main] org.springframework.web.servlet.handler.AbstractHandlerMethodMapping$MappingRegistry.register(534) [INFO] : Mapped "{[/uploadImage.do],methods=[POST]}" onto public java.lang.String com.lcpa.lclove.web.controller.admin.image.ImageController.uploadImage(org.springframework.web.multipart.MultipartFile,com.lcpa.lclove.model.Image,org.springframework.ui.ModelMap)
2016-12-17 22:38:21 [main] org.springframework.web.servlet.handler.AbstractHandlerMethodMapping$MappingRegistry.register(534) [INFO] : Mapped "{[/imglist.xhtml]}" onto public java.lang.String com.lcpa.lclove.web.controller.admin.image.ImageController.imgList(org.springframework.ui.ModelMap)
2016-12-17 22:38:21 [main] org.springframework.web.servlet.handler.AbstractHandlerMethodMapping$MappingRegistry.register(534) [INFO] : Mapped "{[/upload.do]}" onto public java.lang.String com.lcpa.lclove.web.controller.admin.image.UploadController.upload(javax.servlet.http.HttpServletRequest,org.springframework.ui.ModelMap) throws java.lang.IllegalStateException,java.io.IOException
2016-12-17 22:38:21 [main] org.springframework.web.servlet.handler.AbstractHandlerMethodMapping$MappingRegistry.register(534) [INFO] : Mapped "{[/admin/pass.xhtml]}" onto public java.lang.String com.lcpa.lclove.web.controller.CommonController.pass()
2016-12-17 22:38:21 [main] org.springframework.web.servlet.handler.AbstractHandlerMethodMapping$MappingRegistry.register(534) [INFO] : Mapped "{[/admin/index.xhtml]}" onto public java.lang.String com.lcpa.lclove.web.controller.CommonController.adminIndex()
2016-12-17 22:38:21 [main] org.springframework.web.servlet.handler.AbstractHandlerMethodMapping$MappingRegistry.register(534) [INFO] : Mapped "{[/admin/home.xhtml]}" onto public java.lang.String com.lcpa.lclove.web.controller.CommonController.homePage()
2016-12-17 22:38:21 [main] org.springframework.web.servlet.handler.AbstractHandlerMethodMapping$MappingRegistry.register(534) [INFO] : Mapped "{[/showResult.xhtml]}" onto public java.lang.String com.lcpa.lclove.web.controller.CommonController.showResult()
2016-12-17 22:38:21 [main] org.springframework.web.servlet.handler.AbstractHandlerMethodMapping$MappingRegistry.register(534) [INFO] : Mapped "{[/admin/upload]}" onto public java.lang.String com.lcpa.lclove.web.controller.CommonController.uploadPage()
2016-12-17 22:38:21 [main] org.springframework.web.servlet.handler.AbstractHandlerMethodMapping$MappingRegistry.register(534) [INFO] : Mapped "{[/adminLogin.xhtml],methods=[GET]}" onto public java.lang.String com.lcpa.lclove.web.controller.CommonController.adminLogin(javax.servlet.http.HttpServletRequest,org.springframework.ui.ModelMap,java.lang.String)
2016-12-17 22:38:21 [main] org.springframework.web.servlet.handler.AbstractHandlerMethodMapping$MappingRegistry.register(534) [INFO] : Mapped "{[/test/getArticleList],methods=[GET]}" onto public java.lang.String com.lcpa.lclove.web.controller.ControllerTest.getArticleList()
2016-12-17 22:38:21 [main] org.springframework.web.servlet.mvc.method.annotation.RequestMappingHandlerAdapter.initControllerAdviceCache(532) [INFO] : Looking for @ControllerAdvice: WebApplicationContext for namespace 'springMVC-servlet': startup date [Sat Dec 17 22:38:21 CST 2016]; parent: Root WebApplicationContext
2016-12-17 22:38:21 [main] org.springframework.web.servlet.mvc.method.annotation.RequestMappingHandlerAdapter.initControllerAdviceCache(532) [INFO] : Looking for @ControllerAdvice: WebApplicationContext for namespace 'springMVC-servlet': startup date [Sat Dec 17 22:38:21 CST 2016]; parent: Root WebApplicationContext
2016-12-17 22:38:21 [main] org.springframework.web.servlet.handler.AbstractUrlHandlerMapping.registerHandler(341) [INFO] : Mapped URL path [/**] onto handler 'org.springframework.web.servlet.resource.DefaultServletHttpRequestHandler#0'
2016-12-17 22:38:21 [main] org.springframework.ui.velocity.VelocityEngineFactory.createVelocityEngine(221) [INFO] : Loading Velocity config from [class path resource [velocity.properties]]
2016-12-17 22:38:21 [main] org.springframework.web.servlet.view.velocity.VelocityConfigurer.postProcessVelocityEngine(140) [INFO] : ClasspathResourceLoader with name 'springMacro' added to configured VelocityEngine
2016-12-17 22:38:22 [main] org.springframework.web.servlet.FrameworkServlet.initServletBean(507) [INFO] : FrameworkServlet 'springMVC': initialization completed in 752 ms
2016-12-17 22:38:52 [qtp215145189-31] org.apache.velocity.runtime.log.CommonsLogLogChute.log(122) [ERROR] : Parser Exception: /admin/article/articleList.vm
org.apache.velocity.runtime.parser.ParseException: Encountered "#else" at line 75, column 111.
Was expecting one of:
    "(" ...
    <RPAREN> ...
    <ESCAPE_DIRECTIVE> ...
    <SET_DIRECTIVE> ...
    "##" ...
    "\\\\" ...
    "\\" ...
    <TEXT> ...
    "*#" ...
    "*#" ...
    "]]#" ...
    <STRING_LITERAL> ...
    <END> ...
    <IF_DIRECTIVE> ...
    <INTEGER_LITERAL> ...
    <FLOATING_POINT_LITERAL> ...
    <WORD> ...
    <BRACKETED_WORD> ...
    <IDENTIFIER> ...
    <DOT> ...
    "{" ...
    "}" ...
    <EMPTY_INDEX> ...
    
	at org.apache.velocity.runtime.parser.Parser.generateParseException(Parser.java:3679)
	at org.apache.velocity.runtime.parser.Parser.jj_consume_token(Parser.java:3558)
	at org.apache.velocity.runtime.parser.Parser.Directive(Parser.java:939)
	at org.apache.velocity.runtime.parser.Parser.Statement(Parser.java:379)
	at org.apache.velocity.runtime.parser.Parser.process(Parser.java:317)
	at org.apache.velocity.runtime.parser.Parser.parse(Parser.java:117)
	at org.apache.velocity.runtime.RuntimeInstance.parse(RuntimeInstance.java:1226)
	at org.apache.velocity.runtime.RuntimeInstance.parse(RuntimeInstance.java:1181)
	at org.apache.velocity.Template.process(Template.java:134)
	at org.apache.velocity.runtime.resource.ResourceManagerImpl.loadResource(ResourceManagerImpl.java:437)
	at org.apache.velocity.runtime.resource.ResourceManagerImpl.getResource(ResourceManagerImpl.java:352)
	at org.apache.velocity.runtime.RuntimeInstance.getTemplate(RuntimeInstance.java:1533)
	at org.apache.velocity.runtime.RuntimeInstance.getTemplate(RuntimeInstance.java:1514)
	at org.apache.velocity.app.VelocityEngine.getTemplate(VelocityEngine.java:373)
	at org.springframework.web.servlet.view.velocity.VelocityView.getTemplate(VelocityView.java:501)
	at org.springframework.web.servlet.view.velocity.VelocityView.checkResource(VelocityView.java:261)
	at org.springframework.web.servlet.view.UrlBasedViewResolver.loadView(UrlBasedViewResolver.java:483)
	at org.springframework.web.servlet.view.AbstractCachingViewResolver.createView(AbstractCachingViewResolver.java:244)
	at org.springframework.web.servlet.view.UrlBasedViewResolver.createView(UrlBasedViewResolver.java:446)
	at org.springframework.web.servlet.view.AbstractCachingViewResolver.resolveViewName(AbstractCachingViewResolver.java:156)
	at org.springframework.web.servlet.DispatcherServlet.resolveViewName(DispatcherServlet.java:1282)
	at org.springframework.web.servlet.DispatcherServlet.render(DispatcherServlet.java:1223)
	at org.springframework.web.servlet.DispatcherServlet.processDispatchResult(DispatcherServlet.java:1027)
	at org.springframework.web.servlet.DispatcherServlet.doDispatch(DispatcherServlet.java:971)
	at org.springframework.web.servlet.DispatcherServlet.doService(DispatcherServlet.java:893)
	at org.springframework.web.servlet.FrameworkServlet.processRequest(FrameworkServlet.java:968)
	at org.springframework.web.servlet.FrameworkServlet.doGet(FrameworkServlet.java:859)
	at javax.servlet.http.HttpServlet.service(HttpServlet.java:735)
	at org.springframework.web.servlet.FrameworkServlet.service(FrameworkServlet.java:844)
	at javax.servlet.http.HttpServlet.service(HttpServlet.java:848)
	at org.eclipse.jetty.servlet.ServletHolder.handle(ServletHolder.java:684)
	at org.eclipse.jetty.servlet.ServletHandler$CachedChain.doFilter(ServletHandler.java:1496)
	at org.springframework.web.filter.CharacterEncodingFilter.doFilterInternal(CharacterEncodingFilter.java:121)
	at org.springframework.web.filter.OncePerRequestFilter.doFilter(OncePerRequestFilter.java:107)
	at org.eclipse.jetty.servlet.ServletHandler$CachedChain.doFilter(ServletHandler.java:1476)
	at org.eclipse.jetty.servlet.ServletHandler.doHandle(ServletHandler.java:499)
	at org.eclipse.jetty.server.handler.ScopedHandler.handle(ScopedHandler.java:137)
	at org.eclipse.jetty.security.SecurityHandler.handle(SecurityHandler.java:557)
	at org.eclipse.jetty.server.session.SessionHandler.doHandle(SessionHandler.java:231)
	at org.eclipse.jetty.server.handler.ContextHandler.doHandle(ContextHandler.java:1086)
	at org.eclipse.jetty.servlet.ServletHandler.doScope(ServletHandler.java:428)
	at org.eclipse.jetty.server.session.SessionHandler.doScope(SessionHandler.java:193)
	at org.eclipse.jetty.server.handler.ContextHandler.doScope(ContextHandler.java:1020)
	at org.eclipse.jetty.server.handler.ScopedHandler.handle(ScopedHandler.java:135)
	at org.eclipse.jetty.server.handler.HandlerWrapper.handle(HandlerWrapper.java:116)
	at org.eclipse.jetty.server.Server.handle(Server.java:370)
	at org.eclipse.jetty.server.AbstractHttpConnection.handleRequest(AbstractHttpConnection.java:494)
	at org.eclipse.jetty.server.AbstractHttpConnection.headerComplete(AbstractHttpConnection.java:971)
	at org.eclipse.jetty.server.AbstractHttpConnection$RequestHandler.headerComplete(AbstractHttpConnection.java:1033)
	at org.eclipse.jetty.http.HttpParser.parseNext(HttpParser.java:644)
	at org.eclipse.jetty.http.HttpParser.parseAvailable(HttpParser.java:235)
	at org.eclipse.jetty.server.AsyncHttpConnection.handle(AsyncHttpConnection.java:82)
	at org.eclipse.jetty.io.nio.SelectChannelEndPoint.handle(SelectChannelEndPoint.java:667)
	at org.eclipse.jetty.io.nio.SelectChannelEndPoint$1.run(SelectChannelEndPoint.java:52)
	at org.eclipse.jetty.util.thread.QueuedThreadPool.runJob(QueuedThreadPool.java:608)
	at org.eclipse.jetty.util.thread.QueuedThreadPool$3.run(QueuedThreadPool.java:543)
	at java.lang.Thread.run(Thread.java:745)
2016-12-17 22:38:52 [qtp215145189-31] org.apache.velocity.runtime.log.CommonsLogLogChute.log(122) [ERROR] : ResourceManager.getResource() parse exception
org.apache.velocity.exception.ParseErrorException: Encountered "#else" at /admin/article/articleList.vm[line 75, column 111]
Was expecting one of:
    "(" ...
    <RPAREN> ...
    <ESCAPE_DIRECTIVE> ...
    <SET_DIRECTIVE> ...
    "##" ...
    "\\\\" ...
    "\\" ...
    <TEXT> ...
    "*#" ...
    "*#" ...
    "]]#" ...
    <STRING_LITERAL> ...
    <END> ...
    <IF_DIRECTIVE> ...
    <INTEGER_LITERAL> ...
    <FLOATING_POINT_LITERAL> ...
    <WORD> ...
    <BRACKETED_WORD> ...
    <IDENTIFIER> ...
    <DOT> ...
    "{" ...
    "}" ...
    <EMPTY_INDEX> ...
    
	at org.apache.velocity.Template.process(Template.java:151)
	at org.apache.velocity.runtime.resource.ResourceManagerImpl.loadResource(ResourceManagerImpl.java:437)
	at org.apache.velocity.runtime.resource.ResourceManagerImpl.getResource(ResourceManagerImpl.java:352)
	at org.apache.velocity.runtime.RuntimeInstance.getTemplate(RuntimeInstance.java:1533)
	at org.apache.velocity.runtime.RuntimeInstance.getTemplate(RuntimeInstance.java:1514)
	at org.apache.velocity.app.VelocityEngine.getTemplate(VelocityEngine.java:373)
	at org.springframework.web.servlet.view.velocity.VelocityView.getTemplate(VelocityView.java:501)
	at org.springframework.web.servlet.view.velocity.VelocityView.checkResource(VelocityView.java:261)
	at org.springframework.web.servlet.view.UrlBasedViewResolver.loadView(UrlBasedViewResolver.java:483)
	at org.springframework.web.servlet.view.AbstractCachingViewResolver.createView(AbstractCachingViewResolver.java:244)
	at org.springframework.web.servlet.view.UrlBasedViewResolver.createView(UrlBasedViewResolver.java:446)
	at org.springframework.web.servlet.view.AbstractCachingViewResolver.resolveViewName(AbstractCachingViewResolver.java:156)
	at org.springframework.web.servlet.DispatcherServlet.resolveViewName(DispatcherServlet.java:1282)
	at org.springframework.web.servlet.DispatcherServlet.render(DispatcherServlet.java:1223)
	at org.springframework.web.servlet.DispatcherServlet.processDispatchResult(DispatcherServlet.java:1027)
	at org.springframework.web.servlet.DispatcherServlet.doDispatch(DispatcherServlet.java:971)
	at org.springframework.web.servlet.DispatcherServlet.doService(DispatcherServlet.java:893)
	at org.springframework.web.servlet.FrameworkServlet.processRequest(FrameworkServlet.java:968)
	at org.springframework.web.servlet.FrameworkServlet.doGet(FrameworkServlet.java:859)
	at javax.servlet.http.HttpServlet.service(HttpServlet.java:735)
	at org.springframework.web.servlet.FrameworkServlet.service(FrameworkServlet.java:844)
	at javax.servlet.http.HttpServlet.service(HttpServlet.java:848)
	at org.eclipse.jetty.servlet.ServletHolder.handle(ServletHolder.java:684)
	at org.eclipse.jetty.servlet.ServletHandler$CachedChain.doFilter(ServletHandler.java:1496)
	at org.springframework.web.filter.CharacterEncodingFilter.doFilterInternal(CharacterEncodingFilter.java:121)
	at org.springframework.web.filter.OncePerRequestFilter.doFilter(OncePerRequestFilter.java:107)
	at org.eclipse.jetty.servlet.ServletHandler$CachedChain.doFilter(ServletHandler.java:1476)
	at org.eclipse.jetty.servlet.ServletHandler.doHandle(ServletHandler.java:499)
	at org.eclipse.jetty.server.handler.ScopedHandler.handle(ScopedHandler.java:137)
	at org.eclipse.jetty.security.SecurityHandler.handle(SecurityHandler.java:557)
	at org.eclipse.jetty.server.session.SessionHandler.doHandle(SessionHandler.java:231)
	at org.eclipse.jetty.server.handler.ContextHandler.doHandle(ContextHandler.java:1086)
	at org.eclipse.jetty.servlet.ServletHandler.doScope(ServletHandler.java:428)
	at org.eclipse.jetty.server.session.SessionHandler.doScope(SessionHandler.java:193)
	at org.eclipse.jetty.server.handler.ContextHandler.doScope(ContextHandler.java:1020)
	at org.eclipse.jetty.server.handler.ScopedHandler.handle(ScopedHandler.java:135)
	at org.eclipse.jetty.server.handler.HandlerWrapper.handle(HandlerWrapper.java:116)
	at org.eclipse.jetty.server.Server.handle(Server.java:370)
	at org.eclipse.jetty.server.AbstractHttpConnection.handleRequest(AbstractHttpConnection.java:494)
	at org.eclipse.jetty.server.AbstractHttpConnection.headerComplete(AbstractHttpConnection.java:971)
	at org.eclipse.jetty.server.AbstractHttpConnection$RequestHandler.headerComplete(AbstractHttpConnection.java:1033)
	at org.eclipse.jetty.http.HttpParser.parseNext(HttpParser.java:644)
	at org.eclipse.jetty.http.HttpParser.parseAvailable(HttpParser.java:235)
	at org.eclipse.jetty.server.AsyncHttpConnection.handle(AsyncHttpConnection.java:82)
	at org.eclipse.jetty.io.nio.SelectChannelEndPoint.handle(SelectChannelEndPoint.java:667)
	at org.eclipse.jetty.io.nio.SelectChannelEndPoint$1.run(SelectChannelEndPoint.java:52)
	at org.eclipse.jetty.util.thread.QueuedThreadPool.runJob(QueuedThreadPool.java:608)
	at org.eclipse.jetty.util.thread.QueuedThreadPool$3.run(QueuedThreadPool.java:543)
	at java.lang.Thread.run(Thread.java:745)
2016-12-17 22:39:40 [main] com.lcpa.lclove.web.listener.StartupListener.contextInitialized(35) [WARN] : Config Using REMOTE-TEST:classpath:config.remote.xml,classpath:spring.xml
2016-12-17 22:39:40 [main] org.springframework.web.context.ContextLoader.initWebApplicationContext(305) [INFO] : Root WebApplicationContext: initialization started
2016-12-17 22:39:40 [main] org.springframework.context.support.AbstractApplicationContext.prepareRefresh(578) [INFO] : Refreshing Root WebApplicationContext: startup date [Sat Dec 17 22:39:40 CST 2016]; root of context hierarchy
2016-12-17 22:39:40 [main] org.springframework.beans.factory.xml.XmlBeanDefinitionReader.loadBeanDefinitions(317) [INFO] : Loading XML bean definitions from class path resource [config.remote.xml]
2016-12-17 22:39:40 [main] org.springframework.beans.factory.xml.XmlBeanDefinitionReader.loadBeanDefinitions(317) [INFO] : Loading XML bean definitions from class path resource [spring.xml]
2016-12-17 22:39:40 [main] org.springframework.core.io.support.PropertiesLoaderSupport.loadProperties(172) [INFO] : Loading properties file from class path resource [jdbc.properties]
2016-12-17 22:39:40 [main] org.springframework.beans.factory.annotation.AutowiredAnnotationBeanPostProcessor.<init>(153) [INFO] : JSR-330 'javax.inject.Inject' annotation found and supported for autowiring
2016-12-17 22:39:41 [main] org.springframework.web.context.ContextLoader.initWebApplicationContext(345) [INFO] : Root WebApplicationContext: initialization completed in 1286 ms
2016-12-17 22:39:41 [main] com.lcpa.lclove.web.listener.StartupListener.contextInitialized(46) [WARN] : INIT GLOCAL PAGE-TOOLS: {picPath=/, basePath=/, mobilePath=/wap/, DateUtil=com.lcpa.lclove.util.DateUtil@336880df, VmUtils=com.lcpa.lclove.util.VmUtils@1846579f, staticPath=/, math=org.apache.velocity.tools.generic.MathTool@6cd166b8}
2016-12-17 22:39:41 [main] org.springframework.web.servlet.FrameworkServlet.initServletBean(488) [INFO] : FrameworkServlet 'springMVC': initialization started
2016-12-17 22:39:41 [main] org.springframework.context.support.AbstractApplicationContext.prepareRefresh(578) [INFO] : Refreshing WebApplicationContext for namespace 'springMVC-servlet': startup date [Sat Dec 17 22:39:41 CST 2016]; parent: Root WebApplicationContext
2016-12-17 22:39:41 [main] org.springframework.beans.factory.xml.XmlBeanDefinitionReader.loadBeanDefinitions(317) [INFO] : Loading XML bean definitions from class path resource [spring-mvc.xml]
2016-12-17 22:39:41 [main] org.springframework.beans.factory.annotation.AutowiredAnnotationBeanPostProcessor.<init>(153) [INFO] : JSR-330 'javax.inject.Inject' annotation found and supported for autowiring
2016-12-17 22:39:42 [main] org.springframework.web.servlet.handler.AbstractHandlerMethodMapping$MappingRegistry.register(534) [INFO] : Mapped "{[/article],methods=[GET]}" onto public org.springframework.web.servlet.ModelAndView com.lcpa.lclove.web.controller.admin.article.ArticleController.article()
2016-12-17 22:39:42 [main] org.springframework.web.servlet.handler.AbstractHandlerMethodMapping$MappingRegistry.register(534) [INFO] : Mapped "{[/test],produces=[text/html;charset=UTF-8]}" onto private java.lang.String com.lcpa.lclove.web.controller.admin.article.ArticleController.getOtherList()
2016-12-17 22:39:42 [main] org.springframework.web.servlet.handler.AbstractHandlerMethodMapping$MappingRegistry.register(534) [INFO] : Mapped "{[/admin/article/typeList.xhtml]}" onto public java.lang.String com.lcpa.lclove.web.controller.admin.article.ArticleController.typeList(org.springframework.ui.ModelMap)
2016-12-17 22:39:42 [main] org.springframework.web.servlet.handler.AbstractHandlerMethodMapping$MappingRegistry.register(534) [INFO] : Mapped "{[/admin/article/delType.xhtml]}" onto public java.lang.String com.lcpa.lclove.web.controller.admin.article.ArticleController.delTyle(java.lang.Integer,org.springframework.ui.ModelMap)
2016-12-17 22:39:42 [main] org.springframework.web.servlet.handler.AbstractHandlerMethodMapping$MappingRegistry.register(534) [INFO] : Mapped "{[/addArticle],methods=[POST]}" onto public java.lang.String com.lcpa.lclove.web.controller.admin.article.ArticleController.addArticle(com.lcpa.lclove.model.Article,org.springframework.ui.ModelMap)
2016-12-17 22:39:42 [main] org.springframework.web.servlet.handler.AbstractHandlerMethodMapping$MappingRegistry.register(534) [INFO] : Mapped "{[/admin/article/saveType.xhtml]}" onto public java.lang.String com.lcpa.lclove.web.controller.admin.article.ArticleController.saveType(com.lcpa.lclove.model.ArticleType,org.springframework.ui.ModelMap)
2016-12-17 22:39:42 [main] org.springframework.web.servlet.handler.AbstractHandlerMethodMapping$MappingRegistry.register(534) [INFO] : Mapped "{[/admin/article/articleList.xhtml]}" onto public java.lang.String com.lcpa.lclove.web.controller.admin.article.ArticleController.getArticleList(java.lang.Integer,java.lang.String,java.lang.String,java.lang.String,java.lang.Integer,org.springframework.ui.ModelMap)
2016-12-17 22:39:42 [main] org.springframework.web.servlet.handler.AbstractHandlerMethodMapping$MappingRegistry.register(534) [INFO] : Mapped "{[/test],methods=[POST]}" onto public java.lang.String com.lcpa.lclove.web.controller.admin.image.ImageController.test(com.lcpa.lclove.model.Image,org.springframework.ui.ModelMap)
2016-12-17 22:39:42 [main] org.springframework.web.servlet.handler.AbstractHandlerMethodMapping$MappingRegistry.register(534) [INFO] : Mapped "{[/uploadImage.do],methods=[POST]}" onto public java.lang.String com.lcpa.lclove.web.controller.admin.image.ImageController.uploadImage(org.springframework.web.multipart.MultipartFile,com.lcpa.lclove.model.Image,org.springframework.ui.ModelMap)
2016-12-17 22:39:42 [main] org.springframework.web.servlet.handler.AbstractHandlerMethodMapping$MappingRegistry.register(534) [INFO] : Mapped "{[/imglist.xhtml]}" onto public java.lang.String com.lcpa.lclove.web.controller.admin.image.ImageController.imgList(org.springframework.ui.ModelMap)
2016-12-17 22:39:42 [main] org.springframework.web.servlet.handler.AbstractHandlerMethodMapping$MappingRegistry.register(534) [INFO] : Mapped "{[/upload.do]}" onto public java.lang.String com.lcpa.lclove.web.controller.admin.image.UploadController.upload(javax.servlet.http.HttpServletRequest,org.springframework.ui.ModelMap) throws java.lang.IllegalStateException,java.io.IOException
2016-12-17 22:39:42 [main] org.springframework.web.servlet.handler.AbstractHandlerMethodMapping$MappingRegistry.register(534) [INFO] : Mapped "{[/admin/pass.xhtml]}" onto public java.lang.String com.lcpa.lclove.web.controller.CommonController.pass()
2016-12-17 22:39:42 [main] org.springframework.web.servlet.handler.AbstractHandlerMethodMapping$MappingRegistry.register(534) [INFO] : Mapped "{[/admin/index.xhtml]}" onto public java.lang.String com.lcpa.lclove.web.controller.CommonController.adminIndex()
2016-12-17 22:39:42 [main] org.springframework.web.servlet.handler.AbstractHandlerMethodMapping$MappingRegistry.register(534) [INFO] : Mapped "{[/showResult.xhtml]}" onto public java.lang.String com.lcpa.lclove.web.controller.CommonController.showResult()
2016-12-17 22:39:42 [main] org.springframework.web.servlet.handler.AbstractHandlerMethodMapping$MappingRegistry.register(534) [INFO] : Mapped "{[/admin/upload]}" onto public java.lang.String com.lcpa.lclove.web.controller.CommonController.uploadPage()
2016-12-17 22:39:42 [main] org.springframework.web.servlet.handler.AbstractHandlerMethodMapping$MappingRegistry.register(534) [INFO] : Mapped "{[/admin/home.xhtml]}" onto public java.lang.String com.lcpa.lclove.web.controller.CommonController.homePage()
2016-12-17 22:39:42 [main] org.springframework.web.servlet.handler.AbstractHandlerMethodMapping$MappingRegistry.register(534) [INFO] : Mapped "{[/adminLogin.xhtml],methods=[GET]}" onto public java.lang.String com.lcpa.lclove.web.controller.CommonController.adminLogin(javax.servlet.http.HttpServletRequest,org.springframework.ui.ModelMap,java.lang.String)
2016-12-17 22:39:42 [main] org.springframework.web.servlet.handler.AbstractHandlerMethodMapping$MappingRegistry.register(534) [INFO] : Mapped "{[/test/getArticleList],methods=[GET]}" onto public java.lang.String com.lcpa.lclove.web.controller.ControllerTest.getArticleList()
2016-12-17 22:39:42 [main] org.springframework.web.servlet.mvc.method.annotation.RequestMappingHandlerAdapter.initControllerAdviceCache(532) [INFO] : Looking for @ControllerAdvice: WebApplicationContext for namespace 'springMVC-servlet': startup date [Sat Dec 17 22:39:41 CST 2016]; parent: Root WebApplicationContext
2016-12-17 22:39:42 [main] org.springframework.web.servlet.mvc.method.annotation.RequestMappingHandlerAdapter.initControllerAdviceCache(532) [INFO] : Looking for @ControllerAdvice: WebApplicationContext for namespace 'springMVC-servlet': startup date [Sat Dec 17 22:39:41 CST 2016]; parent: Root WebApplicationContext
2016-12-17 22:39:42 [main] org.springframework.web.servlet.handler.AbstractUrlHandlerMapping.registerHandler(341) [INFO] : Mapped URL path [/**] onto handler 'org.springframework.web.servlet.resource.DefaultServletHttpRequestHandler#0'
2016-12-17 22:39:42 [main] org.springframework.ui.velocity.VelocityEngineFactory.createVelocityEngine(221) [INFO] : Loading Velocity config from [class path resource [velocity.properties]]
2016-12-17 22:39:42 [main] org.springframework.web.servlet.view.velocity.VelocityConfigurer.postProcessVelocityEngine(140) [INFO] : ClasspathResourceLoader with name 'springMacro' added to configured VelocityEngine
2016-12-17 22:39:42 [main] org.springframework.web.servlet.FrameworkServlet.initServletBean(507) [INFO] : FrameworkServlet 'springMVC': initialization completed in 786 ms
2016-12-17 22:39:54 [qtp215145189-30] org.apache.velocity.runtime.log.CommonsLogLogChute.log(122) [ERROR] : Parser Exception: admin/article/articleList.vm
org.apache.velocity.runtime.parser.ParseException: Encountered "#else" at line 75, column 111.
Was expecting one of:
    "(" ...
    <RPAREN> ...
    <ESCAPE_DIRECTIVE> ...
    <SET_DIRECTIVE> ...
    "##" ...
    "\\\\" ...
    "\\" ...
    <TEXT> ...
    "*#" ...
    "*#" ...
    "]]#" ...
    <STRING_LITERAL> ...
    <END> ...
    <IF_DIRECTIVE> ...
    <INTEGER_LITERAL> ...
    <FLOATING_POINT_LITERAL> ...
    <WORD> ...
    <BRACKETED_WORD> ...
    <IDENTIFIER> ...
    <DOT> ...
    "{" ...
    "}" ...
    <EMPTY_INDEX> ...
    
	at org.apache.velocity.runtime.parser.Parser.generateParseException(Parser.java:3679)
	at org.apache.velocity.runtime.parser.Parser.jj_consume_token(Parser.java:3558)
	at org.apache.velocity.runtime.parser.Parser.Directive(Parser.java:939)
	at org.apache.velocity.runtime.parser.Parser.Statement(Parser.java:379)
	at org.apache.velocity.runtime.parser.Parser.process(Parser.java:317)
	at org.apache.velocity.runtime.parser.Parser.parse(Parser.java:117)
	at org.apache.velocity.runtime.RuntimeInstance.parse(RuntimeInstance.java:1226)
	at org.apache.velocity.runtime.RuntimeInstance.parse(RuntimeInstance.java:1181)
	at org.apache.velocity.Template.process(Template.java:134)
	at org.apache.velocity.runtime.resource.ResourceManagerImpl.loadResource(ResourceManagerImpl.java:437)
	at org.apache.velocity.runtime.resource.ResourceManagerImpl.getResource(ResourceManagerImpl.java:352)
	at org.apache.velocity.runtime.RuntimeInstance.getTemplate(RuntimeInstance.java:1533)
	at org.apache.velocity.runtime.RuntimeInstance.getTemplate(RuntimeInstance.java:1514)
	at org.apache.velocity.app.VelocityEngine.getTemplate(VelocityEngine.java:373)
	at org.springframework.web.servlet.view.velocity.VelocityView.getTemplate(VelocityView.java:501)
	at org.springframework.web.servlet.view.velocity.VelocityView.checkResource(VelocityView.java:261)
	at org.springframework.web.servlet.view.UrlBasedViewResolver.loadView(UrlBasedViewResolver.java:483)
	at org.springframework.web.servlet.view.AbstractCachingViewResolver.createView(AbstractCachingViewResolver.java:244)
	at org.springframework.web.servlet.view.UrlBasedViewResolver.createView(UrlBasedViewResolver.java:446)
	at org.springframework.web.servlet.view.AbstractCachingViewResolver.resolveViewName(AbstractCachingViewResolver.java:156)
	at org.springframework.web.servlet.DispatcherServlet.resolveViewName(DispatcherServlet.java:1282)
	at org.springframework.web.servlet.DispatcherServlet.render(DispatcherServlet.java:1223)
	at org.springframework.web.servlet.DispatcherServlet.processDispatchResult(DispatcherServlet.java:1027)
	at org.springframework.web.servlet.DispatcherServlet.doDispatch(DispatcherServlet.java:971)
	at org.springframework.web.servlet.DispatcherServlet.doService(DispatcherServlet.java:893)
	at org.springframework.web.servlet.FrameworkServlet.processRequest(FrameworkServlet.java:968)
	at org.springframework.web.servlet.FrameworkServlet.doGet(FrameworkServlet.java:859)
	at javax.servlet.http.HttpServlet.service(HttpServlet.java:735)
	at org.springframework.web.servlet.FrameworkServlet.service(FrameworkServlet.java:844)
	at javax.servlet.http.HttpServlet.service(HttpServlet.java:848)
	at org.eclipse.jetty.servlet.ServletHolder.handle(ServletHolder.java:684)
	at org.eclipse.jetty.servlet.ServletHandler$CachedChain.doFilter(ServletHandler.java:1496)
	at org.springframework.web.filter.CharacterEncodingFilter.doFilterInternal(CharacterEncodingFilter.java:121)
	at org.springframework.web.filter.OncePerRequestFilter.doFilter(OncePerRequestFilter.java:107)
	at org.eclipse.jetty.servlet.ServletHandler$CachedChain.doFilter(ServletHandler.java:1476)
	at org.eclipse.jetty.servlet.ServletHandler.doHandle(ServletHandler.java:499)
	at org.eclipse.jetty.server.handler.ScopedHandler.handle(ScopedHandler.java:137)
	at org.eclipse.jetty.security.SecurityHandler.handle(SecurityHandler.java:557)
	at org.eclipse.jetty.server.session.SessionHandler.doHandle(SessionHandler.java:231)
	at org.eclipse.jetty.server.handler.ContextHandler.doHandle(ContextHandler.java:1086)
	at org.eclipse.jetty.servlet.ServletHandler.doScope(ServletHandler.java:428)
	at org.eclipse.jetty.server.session.SessionHandler.doScope(SessionHandler.java:193)
	at org.eclipse.jetty.server.handler.ContextHandler.doScope(ContextHandler.java:1020)
	at org.eclipse.jetty.server.handler.ScopedHandler.handle(ScopedHandler.java:135)
	at org.eclipse.jetty.server.handler.HandlerWrapper.handle(HandlerWrapper.java:116)
	at org.eclipse.jetty.server.Server.handle(Server.java:370)
	at org.eclipse.jetty.server.AbstractHttpConnection.handleRequest(AbstractHttpConnection.java:494)
	at org.eclipse.jetty.server.AbstractHttpConnection.headerComplete(AbstractHttpConnection.java:971)
	at org.eclipse.jetty.server.AbstractHttpConnection$RequestHandler.headerComplete(AbstractHttpConnection.java:1033)
	at org.eclipse.jetty.http.HttpParser.parseNext(HttpParser.java:644)
	at org.eclipse.jetty.http.HttpParser.parseAvailable(HttpParser.java:235)
	at org.eclipse.jetty.server.AsyncHttpConnection.handle(AsyncHttpConnection.java:82)
	at org.eclipse.jetty.io.nio.SelectChannelEndPoint.handle(SelectChannelEndPoint.java:667)
	at org.eclipse.jetty.io.nio.SelectChannelEndPoint$1.run(SelectChannelEndPoint.java:52)
	at org.eclipse.jetty.util.thread.QueuedThreadPool.runJob(QueuedThreadPool.java:608)
	at org.eclipse.jetty.util.thread.QueuedThreadPool$3.run(QueuedThreadPool.java:543)
	at java.lang.Thread.run(Thread.java:745)
2016-12-17 22:39:54 [qtp215145189-30] org.apache.velocity.runtime.log.CommonsLogLogChute.log(122) [ERROR] : ResourceManager.getResource() parse exception
org.apache.velocity.exception.ParseErrorException: Encountered "#else" at admin/article/articleList.vm[line 75, column 111]
Was expecting one of:
    "(" ...
    <RPAREN> ...
    <ESCAPE_DIRECTIVE> ...
    <SET_DIRECTIVE> ...
    "##" ...
    "\\\\" ...
    "\\" ...
    <TEXT> ...
    "*#" ...
    "*#" ...
    "]]#" ...
    <STRING_LITERAL> ...
    <END> ...
    <IF_DIRECTIVE> ...
    <INTEGER_LITERAL> ...
    <FLOATING_POINT_LITERAL> ...
    <WORD> ...
    <BRACKETED_WORD> ...
    <IDENTIFIER> ...
    <DOT> ...
    "{" ...
    "}" ...
    <EMPTY_INDEX> ...
    
	at org.apache.velocity.Template.process(Template.java:151)
	at org.apache.velocity.runtime.resource.ResourceManagerImpl.loadResource(ResourceManagerImpl.java:437)
	at org.apache.velocity.runtime.resource.ResourceManagerImpl.getResource(ResourceManagerImpl.java:352)
	at org.apache.velocity.runtime.RuntimeInstance.getTemplate(RuntimeInstance.java:1533)
	at org.apache.velocity.runtime.RuntimeInstance.getTemplate(RuntimeInstance.java:1514)
	at org.apache.velocity.app.VelocityEngine.getTemplate(VelocityEngine.java:373)
	at org.springframework.web.servlet.view.velocity.VelocityView.getTemplate(VelocityView.java:501)
	at org.springframework.web.servlet.view.velocity.VelocityView.checkResource(VelocityView.java:261)
	at org.springframework.web.servlet.view.UrlBasedViewResolver.loadView(UrlBasedViewResolver.java:483)
	at org.springframework.web.servlet.view.AbstractCachingViewResolver.createView(AbstractCachingViewResolver.java:244)
	at org.springframework.web.servlet.view.UrlBasedViewResolver.createView(UrlBasedViewResolver.java:446)
	at org.springframework.web.servlet.view.AbstractCachingViewResolver.resolveViewName(AbstractCachingViewResolver.java:156)
	at org.springframework.web.servlet.DispatcherServlet.resolveViewName(DispatcherServlet.java:1282)
	at org.springframework.web.servlet.DispatcherServlet.render(DispatcherServlet.java:1223)
	at org.springframework.web.servlet.DispatcherServlet.processDispatchResult(DispatcherServlet.java:1027)
	at org.springframework.web.servlet.DispatcherServlet.doDispatch(DispatcherServlet.java:971)
	at org.springframework.web.servlet.DispatcherServlet.doService(DispatcherServlet.java:893)
	at org.springframework.web.servlet.FrameworkServlet.processRequest(FrameworkServlet.java:968)
	at org.springframework.web.servlet.FrameworkServlet.doGet(FrameworkServlet.java:859)
	at javax.servlet.http.HttpServlet.service(HttpServlet.java:735)
	at org.springframework.web.servlet.FrameworkServlet.service(FrameworkServlet.java:844)
	at javax.servlet.http.HttpServlet.service(HttpServlet.java:848)
	at org.eclipse.jetty.servlet.ServletHolder.handle(ServletHolder.java:684)
	at org.eclipse.jetty.servlet.ServletHandler$CachedChain.doFilter(ServletHandler.java:1496)
	at org.springframework.web.filter.CharacterEncodingFilter.doFilterInternal(CharacterEncodingFilter.java:121)
	at org.springframework.web.filter.OncePerRequestFilter.doFilter(OncePerRequestFilter.java:107)
	at org.eclipse.jetty.servlet.ServletHandler$CachedChain.doFilter(ServletHandler.java:1476)
	at org.eclipse.jetty.servlet.ServletHandler.doHandle(ServletHandler.java:499)
	at org.eclipse.jetty.server.handler.ScopedHandler.handle(ScopedHandler.java:137)
	at org.eclipse.jetty.security.SecurityHandler.handle(SecurityHandler.java:557)
	at org.eclipse.jetty.server.session.SessionHandler.doHandle(SessionHandler.java:231)
	at org.eclipse.jetty.server.handler.ContextHandler.doHandle(ContextHandler.java:1086)
	at org.eclipse.jetty.servlet.ServletHandler.doScope(ServletHandler.java:428)
	at org.eclipse.jetty.server.session.SessionHandler.doScope(SessionHandler.java:193)
	at org.eclipse.jetty.server.handler.ContextHandler.doScope(ContextHandler.java:1020)
	at org.eclipse.jetty.server.handler.ScopedHandler.handle(ScopedHandler.java:135)
	at org.eclipse.jetty.server.handler.HandlerWrapper.handle(HandlerWrapper.java:116)
	at org.eclipse.jetty.server.Server.handle(Server.java:370)
	at org.eclipse.jetty.server.AbstractHttpConnection.handleRequest(AbstractHttpConnection.java:494)
	at org.eclipse.jetty.server.AbstractHttpConnection.headerComplete(AbstractHttpConnection.java:971)
	at org.eclipse.jetty.server.AbstractHttpConnection$RequestHandler.headerComplete(AbstractHttpConnection.java:1033)
	at org.eclipse.jetty.http.HttpParser.parseNext(HttpParser.java:644)
	at org.eclipse.jetty.http.HttpParser.parseAvailable(HttpParser.java:235)
	at org.eclipse.jetty.server.AsyncHttpConnection.handle(AsyncHttpConnection.java:82)
	at org.eclipse.jetty.io.nio.SelectChannelEndPoint.handle(SelectChannelEndPoint.java:667)
	at org.eclipse.jetty.io.nio.SelectChannelEndPoint$1.run(SelectChannelEndPoint.java:52)
	at org.eclipse.jetty.util.thread.QueuedThreadPool.runJob(QueuedThreadPool.java:608)
	at org.eclipse.jetty.util.thread.QueuedThreadPool$3.run(QueuedThreadPool.java:543)
	at java.lang.Thread.run(Thread.java:745)
2016-12-17 22:41:11 [qtp215145189-33] org.apache.velocity.runtime.log.CommonsLogLogChute.log(122) [ERROR] : Parser Exception: admin/article/articleList.vm
org.apache.velocity.runtime.parser.ParseException: Encountered "#else" at line 75, column 111.
Was expecting one of:
    "(" ...
    <RPAREN> ...
    <ESCAPE_DIRECTIVE> ...
    <SET_DIRECTIVE> ...
    "##" ...
    "\\\\" ...
    "\\" ...
    <TEXT> ...
    "*#" ...
    "*#" ...
    "]]#" ...
    <STRING_LITERAL> ...
    <END> ...
    <IF_DIRECTIVE> ...
    <INTEGER_LITERAL> ...
    <FLOATING_POINT_LITERAL> ...
    <WORD> ...
    <BRACKETED_WORD> ...
    <IDENTIFIER> ...
    <DOT> ...
    "{" ...
    "}" ...
    <EMPTY_INDEX> ...
    
	at org.apache.velocity.runtime.parser.Parser.generateParseException(Parser.java:3679)
	at org.apache.velocity.runtime.parser.Parser.jj_consume_token(Parser.java:3558)
	at org.apache.velocity.runtime.parser.Parser.Directive(Parser.java:939)
	at org.apache.velocity.runtime.parser.Parser.Statement(Parser.java:379)
	at org.apache.velocity.runtime.parser.Parser.process(Parser.java:317)
	at org.apache.velocity.runtime.parser.Parser.parse(Parser.java:117)
	at org.apache.velocity.runtime.RuntimeInstance.parse(RuntimeInstance.java:1226)
	at org.apache.velocity.runtime.RuntimeInstance.parse(RuntimeInstance.java:1181)
	at org.apache.velocity.Template.process(Template.java:134)
	at org.apache.velocity.runtime.resource.ResourceManagerImpl.loadResource(ResourceManagerImpl.java:437)
	at org.apache.velocity.runtime.resource.ResourceManagerImpl.getResource(ResourceManagerImpl.java:352)
	at org.apache.velocity.runtime.RuntimeInstance.getTemplate(RuntimeInstance.java:1533)
	at org.apache.velocity.runtime.RuntimeInstance.getTemplate(RuntimeInstance.java:1514)
	at org.apache.velocity.app.VelocityEngine.getTemplate(VelocityEngine.java:373)
	at org.springframework.web.servlet.view.velocity.VelocityView.getTemplate(VelocityView.java:501)
	at org.springframework.web.servlet.view.velocity.VelocityView.checkResource(VelocityView.java:261)
	at org.springframework.web.servlet.view.UrlBasedViewResolver.loadView(UrlBasedViewResolver.java:483)
	at org.springframework.web.servlet.view.AbstractCachingViewResolver.createView(AbstractCachingViewResolver.java:244)
	at org.springframework.web.servlet.view.UrlBasedViewResolver.createView(UrlBasedViewResolver.java:446)
	at org.springframework.web.servlet.view.AbstractCachingViewResolver.resolveViewName(AbstractCachingViewResolver.java:156)
	at org.springframework.web.servlet.DispatcherServlet.resolveViewName(DispatcherServlet.java:1282)
	at org.springframework.web.servlet.DispatcherServlet.render(DispatcherServlet.java:1223)
	at org.springframework.web.servlet.DispatcherServlet.processDispatchResult(DispatcherServlet.java:1027)
	at org.springframework.web.servlet.DispatcherServlet.doDispatch(DispatcherServlet.java:971)
	at org.springframework.web.servlet.DispatcherServlet.doService(DispatcherServlet.java:893)
	at org.springframework.web.servlet.FrameworkServlet.processRequest(FrameworkServlet.java:968)
	at org.springframework.web.servlet.FrameworkServlet.doGet(FrameworkServlet.java:859)
	at javax.servlet.http.HttpServlet.service(HttpServlet.java:735)
	at org.springframework.web.servlet.FrameworkServlet.service(FrameworkServlet.java:844)
	at javax.servlet.http.HttpServlet.service(HttpServlet.java:848)
	at org.eclipse.jetty.servlet.ServletHolder.handle(ServletHolder.java:684)
	at org.eclipse.jetty.servlet.ServletHandler$CachedChain.doFilter(ServletHandler.java:1496)
	at org.springframework.web.filter.CharacterEncodingFilter.doFilterInternal(CharacterEncodingFilter.java:121)
	at org.springframework.web.filter.OncePerRequestFilter.doFilter(OncePerRequestFilter.java:107)
	at org.eclipse.jetty.servlet.ServletHandler$CachedChain.doFilter(ServletHandler.java:1476)
	at org.eclipse.jetty.servlet.ServletHandler.doHandle(ServletHandler.java:499)
	at org.eclipse.jetty.server.handler.ScopedHandler.handle(ScopedHandler.java:137)
	at org.eclipse.jetty.security.SecurityHandler.handle(SecurityHandler.java:557)
	at org.eclipse.jetty.server.session.SessionHandler.doHandle(SessionHandler.java:231)
	at org.eclipse.jetty.server.handler.ContextHandler.doHandle(ContextHandler.java:1086)
	at org.eclipse.jetty.servlet.ServletHandler.doScope(ServletHandler.java:428)
	at org.eclipse.jetty.server.session.SessionHandler.doScope(SessionHandler.java:193)
	at org.eclipse.jetty.server.handler.ContextHandler.doScope(ContextHandler.java:1020)
	at org.eclipse.jetty.server.handler.ScopedHandler.handle(ScopedHandler.java:135)
	at org.eclipse.jetty.server.handler.HandlerWrapper.handle(HandlerWrapper.java:116)
	at org.eclipse.jetty.server.Server.handle(Server.java:370)
	at org.eclipse.jetty.server.AbstractHttpConnection.handleRequest(AbstractHttpConnection.java:494)
	at org.eclipse.jetty.server.AbstractHttpConnection.headerComplete(AbstractHttpConnection.java:971)
	at org.eclipse.jetty.server.AbstractHttpConnection$RequestHandler.headerComplete(AbstractHttpConnection.java:1033)
	at org.eclipse.jetty.http.HttpParser.parseNext(HttpParser.java:644)
	at org.eclipse.jetty.http.HttpParser.parseAvailable(HttpParser.java:235)
	at org.eclipse.jetty.server.AsyncHttpConnection.handle(AsyncHttpConnection.java:82)
	at org.eclipse.jetty.io.nio.SelectChannelEndPoint.handle(SelectChannelEndPoint.java:667)
	at org.eclipse.jetty.io.nio.SelectChannelEndPoint$1.run(SelectChannelEndPoint.java:52)
	at org.eclipse.jetty.util.thread.QueuedThreadPool.runJob(QueuedThreadPool.java:608)
	at org.eclipse.jetty.util.thread.QueuedThreadPool$3.run(QueuedThreadPool.java:543)
	at java.lang.Thread.run(Thread.java:745)
2016-12-17 22:41:11 [qtp215145189-33] org.apache.velocity.runtime.log.CommonsLogLogChute.log(122) [ERROR] : ResourceManager.getResource() parse exception
org.apache.velocity.exception.ParseErrorException: Encountered "#else" at admin/article/articleList.vm[line 75, column 111]
Was expecting one of:
    "(" ...
    <RPAREN> ...
    <ESCAPE_DIRECTIVE> ...
    <SET_DIRECTIVE> ...
    "##" ...
    "\\\\" ...
    "\\" ...
    <TEXT> ...
    "*#" ...
    "*#" ...
    "]]#" ...
    <STRING_LITERAL> ...
    <END> ...
    <IF_DIRECTIVE> ...
    <INTEGER_LITERAL> ...
    <FLOATING_POINT_LITERAL> ...
    <WORD> ...
    <BRACKETED_WORD> ...
    <IDENTIFIER> ...
    <DOT> ...
    "{" ...
    "}" ...
    <EMPTY_INDEX> ...
    
	at org.apache.velocity.Template.process(Template.java:151)
	at org.apache.velocity.runtime.resource.ResourceManagerImpl.loadResource(ResourceManagerImpl.java:437)
	at org.apache.velocity.runtime.resource.ResourceManagerImpl.getResource(ResourceManagerImpl.java:352)
	at org.apache.velocity.runtime.RuntimeInstance.getTemplate(RuntimeInstance.java:1533)
	at org.apache.velocity.runtime.RuntimeInstance.getTemplate(RuntimeInstance.java:1514)
	at org.apache.velocity.app.VelocityEngine.getTemplate(VelocityEngine.java:373)
	at org.springframework.web.servlet.view.velocity.VelocityView.getTemplate(VelocityView.java:501)
	at org.springframework.web.servlet.view.velocity.VelocityView.checkResource(VelocityView.java:261)
	at org.springframework.web.servlet.view.UrlBasedViewResolver.loadView(UrlBasedViewResolver.java:483)
	at org.springframework.web.servlet.view.AbstractCachingViewResolver.createView(AbstractCachingViewResolver.java:244)
	at org.springframework.web.servlet.view.UrlBasedViewResolver.createView(UrlBasedViewResolver.java:446)
	at org.springframework.web.servlet.view.AbstractCachingViewResolver.resolveViewName(AbstractCachingViewResolver.java:156)
	at org.springframework.web.servlet.DispatcherServlet.resolveViewName(DispatcherServlet.java:1282)
	at org.springframework.web.servlet.DispatcherServlet.render(DispatcherServlet.java:1223)
	at org.springframework.web.servlet.DispatcherServlet.processDispatchResult(DispatcherServlet.java:1027)
	at org.springframework.web.servlet.DispatcherServlet.doDispatch(DispatcherServlet.java:971)
	at org.springframework.web.servlet.DispatcherServlet.doService(DispatcherServlet.java:893)
	at org.springframework.web.servlet.FrameworkServlet.processRequest(FrameworkServlet.java:968)
	at org.springframework.web.servlet.FrameworkServlet.doGet(FrameworkServlet.java:859)
	at javax.servlet.http.HttpServlet.service(HttpServlet.java:735)
	at org.springframework.web.servlet.FrameworkServlet.service(FrameworkServlet.java:844)
	at javax.servlet.http.HttpServlet.service(HttpServlet.java:848)
	at org.eclipse.jetty.servlet.ServletHolder.handle(ServletHolder.java:684)
	at org.eclipse.jetty.servlet.ServletHandler$CachedChain.doFilter(ServletHandler.java:1496)
	at org.springframework.web.filter.CharacterEncodingFilter.doFilterInternal(CharacterEncodingFilter.java:121)
	at org.springframework.web.filter.OncePerRequestFilter.doFilter(OncePerRequestFilter.java:107)
	at org.eclipse.jetty.servlet.ServletHandler$CachedChain.doFilter(ServletHandler.java:1476)
	at org.eclipse.jetty.servlet.ServletHandler.doHandle(ServletHandler.java:499)
	at org.eclipse.jetty.server.handler.ScopedHandler.handle(ScopedHandler.java:137)
	at org.eclipse.jetty.security.SecurityHandler.handle(SecurityHandler.java:557)
	at org.eclipse.jetty.server.session.SessionHandler.doHandle(SessionHandler.java:231)
	at org.eclipse.jetty.server.handler.ContextHandler.doHandle(ContextHandler.java:1086)
	at org.eclipse.jetty.servlet.ServletHandler.doScope(ServletHandler.java:428)
	at org.eclipse.jetty.server.session.SessionHandler.doScope(SessionHandler.java:193)
	at org.eclipse.jetty.server.handler.ContextHandler.doScope(ContextHandler.java:1020)
	at org.eclipse.jetty.server.handler.ScopedHandler.handle(ScopedHandler.java:135)
	at org.eclipse.jetty.server.handler.HandlerWrapper.handle(HandlerWrapper.java:116)
	at org.eclipse.jetty.server.Server.handle(Server.java:370)
	at org.eclipse.jetty.server.AbstractHttpConnection.handleRequest(AbstractHttpConnection.java:494)
	at org.eclipse.jetty.server.AbstractHttpConnection.headerComplete(AbstractHttpConnection.java:971)
	at org.eclipse.jetty.server.AbstractHttpConnection$RequestHandler.headerComplete(AbstractHttpConnection.java:1033)
	at org.eclipse.jetty.http.HttpParser.parseNext(HttpParser.java:644)
	at org.eclipse.jetty.http.HttpParser.parseAvailable(HttpParser.java:235)
	at org.eclipse.jetty.server.AsyncHttpConnection.handle(AsyncHttpConnection.java:82)
	at org.eclipse.jetty.io.nio.SelectChannelEndPoint.handle(SelectChannelEndPoint.java:667)
	at org.eclipse.jetty.io.nio.SelectChannelEndPoint$1.run(SelectChannelEndPoint.java:52)
	at org.eclipse.jetty.util.thread.QueuedThreadPool.runJob(QueuedThreadPool.java:608)
	at org.eclipse.jetty.util.thread.QueuedThreadPool$3.run(QueuedThreadPool.java:543)
	at java.lang.Thread.run(Thread.java:745)
